# JRE version: Java(TM) SE Runtime Environment (8.0_381) (build 1.8.0_381-b09)
# Java VM: Java HotSpot(TM) 64-Bit Server VM (25.381-b09 mixed mode windows-amd64 compressed oops)
Heap:
 PSYoungGen      total 40960K, used 32936K [0x00000000eb980000, 0x00000000ef800000, 0x0000000100000000)
  eden space 20992K, 82% used [0x00000000eb980000,0x00000000eca6f828,0x00000000ece00000)
  from space 19968K, 78% used [0x00000000ee400000,0x00000000ef33a868,0x00000000ef780000)
  to   space 21504K, 0% used [0x00000000ece00000,0x00000000ece00000,0x00000000ee300000)
 ParOldGen       total 83456K, used 56628K [0x00000000c2c00000, 0x00000000c7d80000, 0x00000000eb980000)
  object space 83456K, 67% used [0x00000000c2c00000,0x00000000c634d1c8,0x00000000c7d80000)
 Metaspace       used 21489K, capacity 21815K, committed 22272K, reserved 1069056K
  class space    used 2337K, capacity 2448K, committed 2560K, reserved 1048576K
GC Heap History (10 events):
Event: 13.689 GC heap before
{Heap before GC invocations=12 (full 3):
 PSYoungGen      total 34816K, used 15693K [0x00000000eb980000, 0x00000000eec80000, 0x0000000100000000)
  eden space 19456K, 46% used [0x00000000eb980000,0x00000000ec268550,0x00000000ecc80000)
  from space 15360K, 42% used [0x00000000edd80000,0x00000000ee3eaf08,0x00000000eec80000)
  to   space 16384K, 0% used [0x00000000ecc80000,0x00000000ecc80000,0x00000000edc80000)
 ParOldGen       total 83456K, used 48087K [0x00000000c2c00000, 0x00000000c7d80000, 0x00000000eb980000)
  object space 83456K, 57% used [0x00000000c2c00000,0x00000000c5af5c38,0x00000000c7d80000)
 Metaspace       used 20814K, capacity 21113K, committed 21376K, reserved 1069056K
  class space    used 2313K, capacity 2411K, committed 2432K, reserved 1048576K
Event: 13.699 GC heap after
Heap after GC invocations=12 (full 3):
 PSYoungGen      total 27648K, used 8104K [0x00000000eb980000, 0x00000000eeb80000, 0x0000000100000000)
  eden space 19456K, 0% used [0x00000000eb980000,0x00000000eb980000,0x00000000ecc80000)
  from space 8192K, 98% used [0x00000000ecc80000,0x00000000ed46a300,0x00000000ed480000)
  to   space 15872K, 0% used [0x00000000edc00000,0x00000000edc00000,0x00000000eeb80000)
 ParOldGen       total 83456K, used 48095K [0x00000000c2c00000, 0x00000000c7d80000, 0x00000000eb980000)
  object space 83456K, 57% used [0x00000000c2c00000,0x00000000c5af7c38,0x00000000c7d80000)
 Metaspace       used 20814K, capacity 21113K, committed 21376K, reserved 1069056K
  class space    used 2313K, capacity 2411K, committed 2432K, reserved 1048576K
}
Event: 13.699 GC heap before
{Heap before GC invocations=13 (full 4):
 PSYoungGen      total 27648K, used 8104K [0x00000000eb980000, 0x00000000eeb80000, 0x0000000100000000)
  eden space 19456K, 0% used [0x00000000eb980000,0x00000000eb980000,0x00000000ecc80000)
  from space 8192K, 98% used [0x00000000ecc80000,0x00000000ed46a300,0x00000000ed480000)
  to   space 15872K, 0% used [0x00000000edc00000,0x00000000edc00000,0x00000000eeb80000)
 ParOldGen       total 83456K, used 48095K [0x00000000c2c00000, 0x00000000c7d80000, 0x00000000eb980000)
  object space 83456K, 57% used [0x00000000c2c00000,0x00000000c5af7c38,0x00000000c7d80000)
 Metaspace       used 20814K, capacity 21113K, committed 21376K, reserved 1069056K
  class space    used 2313K, capacity 2411K, committed 2432K, reserved 1048576K
Event: 13.932 GC heap after
Heap after GC invocations=13 (full 4):
 PSYoungGen      total 27648K, used 0K [0x00000000eb980000, 0x00000000eeb80000, 0x0000000100000000)
  eden space 19456K, 0% used [0x00000000eb980000,0x00000000eb980000,0x00000000ecc80000)
  from space 8192K, 0% used [0x00000000ecc80000,0x00000000ecc80000,0x00000000ed480000)
  to   space 15872K, 0% used [0x00000000edc00000,0x00000000edc00000,0x00000000eeb80000)
 ParOldGen       total 83456K, used 55276K [0x00000000c2c00000, 0x00000000c7d80000, 0x00000000eb980000)
  object space 83456K, 66% used [0x00000000c2c00000,0x00000000c61fb078,0x00000000c7d80000)
 Metaspace       used 20814K, capacity 21113K, committed 21376K, reserved 1069056K
  class space    used 2313K, capacity 2411K, committed 2432K, reserved 1048576K
}
Event: 14.909 GC heap before
{Heap before GC invocations=14 (full 4):
 PSYoungGen      total 27648K, used 19456K [0x00000000eb980000, 0x00000000eeb80000, 0x0000000100000000)
  eden space 19456K, 100% used [0x00000000eb980000,0x00000000ecc80000,0x00000000ecc80000)
  from space 8192K, 0% used [0x00000000ecc80000,0x00000000ecc80000,0x00000000ed480000)
  to   space 15872K, 0% used [0x00000000edc00000,0x00000000edc00000,0x00000000eeb80000)
 ParOldGen       total 83456K, used 55276K [0x00000000c2c00000, 0x00000000c7d80000, 0x00000000eb980000)
  object space 83456K, 66% used [0x00000000c2c00000,0x00000000c61fb078,0x00000000c7d80000)
 Metaspace       used 20953K, capacity 21241K, committed 21632K, reserved 1069056K
  class space    used 2322K, capacity 2411K, committed 2432K, reserved 1048576K
Event: 14.919 GC heap after
Heap after GC invocations=14 (full 4):
 PSYoungGen      total 34304K, used 12970K [0x00000000eb980000, 0x00000000ef180000, 0x0000000100000000)
  eden space 18432K, 0% used [0x00000000eb980000,0x00000000eb980000,0x00000000ecb80000)
  from space 15872K, 81% used [0x00000000edc00000,0x00000000ee8aa928,0x00000000eeb80000)
  to   space 16896K, 0% used [0x00000000ecb80000,0x00000000ecb80000,0x00000000edc00000)
 ParOldGen       total 83456K, used 55284K [0x00000000c2c00000, 0x00000000c7d80000, 0x00000000eb980000)
  object space 83456K, 66% used [0x00000000c2c00000,0x00000000c61fd078,0x00000000c7d80000)
 Metaspace       used 20953K, capacity 21241K, committed 21632K, reserved 1069056K
  class space    used 2322K, capacity 2411K, committed 2432K, reserved 1048576K
}
Event: 18.033 GC heap before
{Heap before GC invocations=15 (full 4):
 PSYoungGen      total 34304K, used 31402K [0x00000000eb980000, 0x00000000ef180000, 0x0000000100000000)
  eden space 18432K, 100% used [0x00000000eb980000,0x00000000ecb80000,0x00000000ecb80000)
  from space 15872K, 81% used [0x00000000edc00000,0x00000000ee8aa928,0x00000000eeb80000)
  to   space 16896K, 0% used [0x00000000ecb80000,0x00000000ecb80000,0x00000000edc00000)
 ParOldGen       total 83456K, used 55284K [0x00000000c2c00000, 0x00000000c7d80000, 0x00000000eb980000)
  object space 83456K, 66% used [0x00000000c2c00000,0x00000000c61fd078,0x00000000c7d80000)
 Metaspace       used 21132K, capacity 21401K, committed 21760K, reserved 1069056K
  class space    used 2329K, capacity 2443K, committed 2560K, reserved 1048576K
Event: 18.119 GC heap after
Heap after GC invocations=15 (full 4):
 PSYoungGen      total 35328K, used 16888K [0x00000000eb980000, 0x00000000ef780000, 0x0000000100000000)
  eden space 18432K, 0% used [0x00000000eb980000,0x00000000eb980000,0x00000000ecb80000)
  from space 16896K, 99% used [0x00000000ecb80000,0x00000000edbfe2f8,0x00000000edc00000)
  to   space 19968K, 0% used [0x00000000ee400000,0x00000000ee400000,0x00000000ef780000)
 ParOldGen       total 83456K, used 56620K [0x00000000c2c00000, 0x00000000c7d80000, 0x00000000eb980000)
  object space 83456K, 67% used [0x00000000c2c00000,0x00000000c634b1c8,0x00000000c7d80000)
 Metaspace       used 21132K, capacity 21401K, committed 21760K, reserved 1069056K
  class space    used 2329K, capacity 2443K, committed 2560K, reserved 1048576K
}
Event: 27.472 GC heap before
{Heap before GC invocations=16 (full 4):
 PSYoungGen      total 35328K, used 35320K [0x00000000eb980000, 0x00000000ef780000, 0x0000000100000000)
  eden space 18432K, 100% used [0x00000000eb980000,0x00000000ecb80000,0x00000000ecb80000)
  from space 16896K, 99% used [0x00000000ecb80000,0x00000000edbfe2f8,0x00000000edc00000)
  to   space 19968K, 0% used [0x00000000ee400000,0x00000000ee400000,0x00000000ef780000)
 ParOldGen       total 83456K, used 56620K [0x00000000c2c00000, 0x00000000c7d80000, 0x00000000eb980000)
  object space 83456K, 67% used [0x00000000c2c00000,0x00000000c634b1c8,0x00000000c7d80000)
 Metaspace       used 21384K, capacity 21675K, committed 22016K, reserved 1069056K
  class space    used 2334K, capacity 2446K, committed 2560K, reserved 1048576K
Event: 27.483 GC heap after
Heap after GC invocations=16 (full 4):
 PSYoungGen      total 40960K, used 15594K [0x00000000eb980000, 0x00000000ef800000, 0x0000000100000000)
  eden space 20992K, 0% used [0x00000000eb980000,0x00000000eb980000,0x00000000ece00000)
  from space 19968K, 78% used [0x00000000ee400000,0x00000000ef33a868,0x00000000ef780000)
  to   space 21504K, 0% used [0x00000000ece00000,0x00000000ece00000,0x00000000ee300000)
 ParOldGen       total 83456K, used 56628K [0x00000000c2c00000, 0x00000000c7d80000, 0x00000000eb980000)
  object space 83456K, 67% used [0x00000000c2c00000,0x00000000c634d1c8,0x00000000c7d80000)
 Metaspace       used 21384K, capacity 21675K, committed 22016K, reserved 1069056K
  class space    used 2334K, capacity 2446K, committed 2560K, reserved 1048576K
}

