# JRE version: Java(TM) SE Runtime Environment (8.0_401) (build 1.8.0_401-b10)
# Java VM: Java HotSpot(TM) 64-Bit Server VM (25.401-b10 mixed mode windows-amd64 compressed oops)
Heap:
 PSYoungGen      total 37376K, used 995K [0x00000000eb980000, 0x00000000ef600000, 0x0000000100000000)
  eden space 18944K, 5% used [0x00000000eb980000,0x00000000eba78e48,0x00000000ecc00000)
  from space 18432K, 0% used [0x00000000ee000000,0x00000000ee000000,0x00000000ef200000)
  to   space 20480K, 0% used [0x00000000ecc00000,0x00000000ecc00000,0x00000000ee000000)
 ParOldGen       total 80896K, used 59379K [0x00000000c2c00000, 0x00000000c7b00000, 0x00000000eb980000)
  object space 80896K, 73% used [0x00000000c2c00000,0x00000000c65fcc20,0x00000000c7b00000)
 Metaspace       used 21405K, capacity 21671K, committed 21888K, reserved 1069056K
  class space    used 2317K, capacity 2418K, committed 2432K, reserved 1048576K
GC Heap History (10 events):
Event: 18.287 GC heap before
{Heap before GC invocations=13 (full 4):
 PSYoungGen      total 17408K, used 17392K [0x00000000eb980000, 0x00000000ef080000, 0x0000000100000000)
  eden space 16896K, 100% used [0x00000000eb980000,0x00000000eca00000,0x00000000eca00000)
  from space 512K, 96% used [0x00000000edb00000,0x00000000edb7c020,0x00000000edb80000)
  to   space 17408K, 0% used [0x00000000eca00000,0x00000000eca00000,0x00000000edb00000)
 ParOldGen       total 80896K, used 48769K [0x00000000c2c00000, 0x00000000c7b00000, 0x00000000eb980000)
  object space 80896K, 60% used [0x00000000c2c00000,0x00000000c5ba05a0,0x00000000c7b00000)
 Metaspace       used 21042K, capacity 21333K, committed 21632K, reserved 1069056K
  class space    used 2312K, capacity 2415K, committed 2432K, reserved 1048576K
Event: 18.308 GC heap after
Heap after GC invocations=13 (full 4):
 PSYoungGen      total 34304K, used 6670K [0x00000000eb980000, 0x00000000eec80000, 0x0000000100000000)
  eden space 16896K, 0% used [0x00000000eb980000,0x00000000eb980000,0x00000000eca00000)
  from space 17408K, 38% used [0x00000000eca00000,0x00000000ed083b08,0x00000000edb00000)
  to   space 16384K, 0% used [0x00000000edc80000,0x00000000edc80000,0x00000000eec80000)
 ParOldGen       total 80896K, used 48777K [0x00000000c2c00000, 0x00000000c7b00000, 0x00000000eb980000)
  object space 80896K, 60% used [0x00000000c2c00000,0x00000000c5ba25a0,0x00000000c7b00000)
 Metaspace       used 21042K, capacity 21333K, committed 21632K, reserved 1069056K
  class space    used 2312K, capacity 2415K, committed 2432K, reserved 1048576K
}
Event: 24.204 GC heap before
{Heap before GC invocations=14 (full 4):
 PSYoungGen      total 34304K, used 23566K [0x00000000eb980000, 0x00000000eec80000, 0x0000000100000000)
  eden space 16896K, 100% used [0x00000000eb980000,0x00000000eca00000,0x00000000eca00000)
  from space 17408K, 38% used [0x00000000eca00000,0x00000000ed083b08,0x00000000edb00000)
  to   space 16384K, 0% used [0x00000000edc80000,0x00000000edc80000,0x00000000eec80000)
 ParOldGen       total 80896K, used 48777K [0x00000000c2c00000, 0x00000000c7b00000, 0x00000000eb980000)
  object space 80896K, 60% used [0x00000000c2c00000,0x00000000c5ba25a0,0x00000000c7b00000)
 Metaspace       used 21239K, capacity 21601K, committed 21888K, reserved 1069056K
  class space    used 2313K, capacity 2417K, committed 2432K, reserved 1048576K
Event: 24.212 GC heap after
Heap after GC invocations=14 (full 4):
 PSYoungGen      total 35328K, used 10526K [0x00000000eb980000, 0x00000000eed00000, 0x0000000100000000)
  eden space 18944K, 0% used [0x00000000eb980000,0x00000000eb980000,0x00000000ecc00000)
  from space 16384K, 64% used [0x00000000edc80000,0x00000000ee6c78f0,0x00000000eec80000)
  to   space 16896K, 0% used [0x00000000ecc00000,0x00000000ecc00000,0x00000000edc80000)
 ParOldGen       total 80896K, used 48785K [0x00000000c2c00000, 0x00000000c7b00000, 0x00000000eb980000)
  object space 80896K, 60% used [0x00000000c2c00000,0x00000000c5ba45a0,0x00000000c7b00000)
 Metaspace       used 21239K, capacity 21601K, committed 21888K, reserved 1069056K
  class space    used 2313K, capacity 2417K, committed 2432K, reserved 1048576K
}
Event: 29.283 GC heap before
{Heap before GC invocations=15 (full 4):
 PSYoungGen      total 35328K, used 29470K [0x00000000eb980000, 0x00000000eed00000, 0x0000000100000000)
  eden space 18944K, 100% used [0x00000000eb980000,0x00000000ecc00000,0x00000000ecc00000)
  from space 16384K, 64% used [0x00000000edc80000,0x00000000ee6c78f0,0x00000000eec80000)
  to   space 16896K, 0% used [0x00000000ecc00000,0x00000000ecc00000,0x00000000edc80000)
 ParOldGen       total 80896K, used 48785K [0x00000000c2c00000, 0x00000000c7b00000, 0x00000000eb980000)
  object space 80896K, 60% used [0x00000000c2c00000,0x00000000c5ba45a0,0x00000000c7b00000)
 Metaspace       used 21316K, capacity 21607K, committed 21888K, reserved 1069056K
  class space    used 2313K, capacity 2418K, committed 2432K, reserved 1048576K
Event: 29.293 GC heap after
Heap after GC invocations=15 (full 4):
 PSYoungGen      total 35840K, used 14740K [0x00000000eb980000, 0x00000000ef200000, 0x0000000100000000)
  eden space 18944K, 0% used [0x00000000eb980000,0x00000000eb980000,0x00000000ecc00000)
  from space 16896K, 87% used [0x00000000ecc00000,0x00000000eda65258,0x00000000edc80000)
  to   space 18432K, 0% used [0x00000000ee000000,0x00000000ee000000,0x00000000ef200000)
 ParOldGen       total 80896K, used 48793K [0x00000000c2c00000, 0x00000000c7b00000, 0x00000000eb980000)
  object space 80896K, 60% used [0x00000000c2c00000,0x00000000c5ba65a0,0x00000000c7b00000)
 Metaspace       used 21316K, capacity 21607K, committed 21888K, reserved 1069056K
  class space    used 2313K, capacity 2418K, committed 2432K, reserved 1048576K
}
Event: 38.448 GC heap before
{Heap before GC invocations=16 (full 4):
 PSYoungGen      total 35840K, used 24995K [0x00000000eb980000, 0x00000000ef200000, 0x0000000100000000)
  eden space 18944K, 54% used [0x00000000eb980000,0x00000000ec3839f8,0x00000000ecc00000)
  from space 16896K, 87% used [0x00000000ecc00000,0x00000000eda65258,0x00000000edc80000)
  to   space 18432K, 0% used [0x00000000ee000000,0x00000000ee000000,0x00000000ef200000)
 ParOldGen       total 80896K, used 48793K [0x00000000c2c00000, 0x00000000c7b00000, 0x00000000eb980000)
  object space 80896K, 60% used [0x00000000c2c00000,0x00000000c5ba65a0,0x00000000c7b00000)
 Metaspace       used 21396K, capacity 21671K, committed 21888K, reserved 1069056K
  class space    used 2316K, capacity 2418K, committed 2432K, reserved 1048576K
Event: 38.467 GC heap after
Heap after GC invocations=16 (full 4):
 PSYoungGen      total 37376K, used 16053K [0x00000000eb980000, 0x00000000ef600000, 0x0000000100000000)
  eden space 18944K, 0% used [0x00000000eb980000,0x00000000eb980000,0x00000000ecc00000)
  from space 18432K, 87% used [0x00000000ee000000,0x00000000eefad558,0x00000000ef200000)
  to   space 20480K, 0% used [0x00000000ecc00000,0x00000000ecc00000,0x00000000ee000000)
 ParOldGen       total 80896K, used 48801K [0x00000000c2c00000, 0x00000000c7b00000, 0x00000000eb980000)
  object space 80896K, 60% used [0x00000000c2c00000,0x00000000c5ba85a0,0x00000000c7b00000)
 Metaspace       used 21396K, capacity 21671K, committed 21888K, reserved 1069056K
  class space    used 2316K, capacity 2418K, committed 2432K, reserved 1048576K
}
Event: 38.467 GC heap before
{Heap before GC invocations=17 (full 5):
 PSYoungGen      total 37376K, used 16053K [0x00000000eb980000, 0x00000000ef600000, 0x0000000100000000)
  eden space 18944K, 0% used [0x00000000eb980000,0x00000000eb980000,0x00000000ecc00000)
  from space 18432K, 87% used [0x00000000ee000000,0x00000000eefad558,0x00000000ef200000)
  to   space 20480K, 0% used [0x00000000ecc00000,0x00000000ecc00000,0x00000000ee000000)
 ParOldGen       total 80896K, used 48801K [0x00000000c2c00000, 0x00000000c7b00000, 0x00000000eb980000)
  object space 80896K, 60% used [0x00000000c2c00000,0x00000000c5ba85a0,0x00000000c7b00000)
 Metaspace       used 21396K, capacity 21671K, committed 21888K, reserved 1069056K
  class space    used 2316K, capacity 2418K, committed 2432K, reserved 1048576K
Event: 38.584 GC heap after
Heap after GC invocations=17 (full 5):
 PSYoungGen      total 37376K, used 0K [0x00000000eb980000, 0x00000000ef600000, 0x0000000100000000)
  eden space 18944K, 0% used [0x00000000eb980000,0x00000000eb980000,0x00000000ecc00000)
  from space 18432K, 0% used [0x00000000ee000000,0x00000000ee000000,0x00000000ef200000)
  to   space 20480K, 0% used [0x00000000ecc00000,0x00000000ecc00000,0x00000000ee000000)
 ParOldGen       total 80896K, used 59379K [0x00000000c2c00000, 0x00000000c7b00000, 0x00000000eb980000)
  object space 80896K, 73% used [0x00000000c2c00000,0x00000000c65fcc20,0x00000000c7b00000)
 Metaspace       used 21396K, capacity 21671K, committed 21888K, reserved 1069056K
  class space    used 2316K, capacity 2418K, committed 2432K, reserved 1048576K
}

